<?xml version="1.0" encoding="UTF-8"?>
<!-- Generated by org.testng.reporters.JUnitReportReporter -->
<testsuite hostname="SHUBHAM" failures="0" tests="1" name="base.TestBase" time="2.576" errors="0" timestamp="2023-08-01T13:47:26 IST" skipped="0">
  <testcase classname="base.TestBase" name="launchDriver" time="2.576"/>
  <system-out/>
</testsuite> <!-- base.TestBase -->
