<?xml version="1.0" encoding="UTF-8"?>
<!-- Generated by org.testng.reporters.JUnitReportReporter -->
<testsuite hostname="SHUBHAM" failures="0" tests="1" name="stepDefinitions.LoginStepDefinition" time="1.340" errors="0" timestamp="2023-07-31T19:28:50 IST" skipped="0">
  <testcase classname="stepDefinitions.LoginStepDefinition" name="launchDriver" time="1.340"/>
  <system-out/>
</testsuite> <!-- stepDefinitions.LoginStepDefinition -->
